Build started 12/18/2013 1:52:23 PM.
     1>Project "c:\Users\Amber\documents\visual studio 2013\Projects\cpProject\cpProject\cpProject.vcxproj" on node 2 (Build target(s)).
     1>ClCompile:
         C:\Program Files\Microsoft Visual Studio 12.0\VC\bin\CL.exe /c /ZI /nologo /W3 /WX- /sdl /Od /Oy- /D WIN32 /D _DEBUG /D _CONSOLE /D _LIB /D _UNICODE /D UNICODE /Gm /EHsc /RTC1 /MDd /GS /fp:precise /Zc:wchar_t /Zc:forScope /Fo"Debug\\" /Fd"Debug\vc120.pdb" /Gd /TP /analyze- /errorReport:prompt cpProject.cpp
         cpProject.cpp
     1>c:\users\amber\documents\visual studio 2013\projects\cpproject\cpproject\cpproject.cpp(132): fatal error C1075: end of file found before the left brace '{' at 'c:\users\amber\documents\visual studio 2013\projects\cpproject\cpproject\cpproject.cpp(6)' was matched
     1>Done Building Project "c:\Users\Amber\documents\visual studio 2013\Projects\cpProject\cpProject\cpProject.vcxproj" (Build target(s)) -- FAILED.

Build FAILED.

Time Elapsed 00:00:00.39
